C:\USERS\YOSBI ALVES\DESKTOP\DIRECTX EXPERIMENTS\Y-ENGINEDEMOS\03 COLOR CUBE DEMO\03 COLOR CUBE DEMO\DEBUG\03 COLOR CUBE DEMO.EXE.EMBED.MANIFEST
C:\USERS\YOSBI ALVES\DESKTOP\DIRECTX EXPERIMENTS\Y-ENGINEDEMOS\03 COLOR CUBE DEMO\03 COLOR CUBE DEMO\DEBUG\03 COLOR CUBE DEMO.EXE.EMBED.MANIFEST.RES
C:\USERS\YOSBI ALVES\DESKTOP\DIRECTX EXPERIMENTS\Y-ENGINEDEMOS\03 COLOR CUBE DEMO\03 COLOR CUBE DEMO\DEBUG\03 COLOR CUBE DEMO.EXE.INTERMEDIATE.MANIFEST
C:\Users\Yosbi Alves\Desktop\DirectX Experiments\Y-EngineDemos\03 Color cube demo\03 Color cube demo\Debug\03 Color cube demo.write.1.tlog
C:\Users\Yosbi Alves\Desktop\DirectX Experiments\Y-EngineDemos\03 Color cube demo\03 Color cube demo\Debug\03 Color cube demo_manifest.rc
C:\Users\Yosbi Alves\Desktop\DirectX Experiments\Y-EngineDemos\03 Color cube demo\03 Color cube demo\Debug\cl.command.1.tlog
C:\Users\Yosbi Alves\Desktop\DirectX Experiments\Y-EngineDemos\03 Color cube demo\03 Color cube demo\Debug\CL.read.1.tlog
C:\Users\Yosbi Alves\Desktop\DirectX Experiments\Y-EngineDemos\03 Color cube demo\03 Color cube demo\Debug\CL.write.1.tlog
C:\Users\Yosbi Alves\Desktop\DirectX Experiments\Y-EngineDemos\03 Color cube demo\03 Color cube demo\Debug\link.2564.read.1.tlog
C:\Users\Yosbi Alves\Desktop\DirectX Experiments\Y-EngineDemos\03 Color cube demo\03 Color cube demo\Debug\link.2564.write.1.tlog
C:\Users\Yosbi Alves\Desktop\DirectX Experiments\Y-EngineDemos\03 Color cube demo\03 Color cube demo\Debug\link.2564-cvtres.read.1.tlog
C:\Users\Yosbi Alves\Desktop\DirectX Experiments\Y-EngineDemos\03 Color cube demo\03 Color cube demo\Debug\link.2564-cvtres.write.1.tlog
C:\Users\Yosbi Alves\Desktop\DirectX Experiments\Y-EngineDemos\03 Color cube demo\03 Color cube demo\Debug\link.3892.read.1.tlog
C:\Users\Yosbi Alves\Desktop\DirectX Experiments\Y-EngineDemos\03 Color cube demo\03 Color cube demo\Debug\link.3892.write.1.tlog
C:\Users\Yosbi Alves\Desktop\DirectX Experiments\Y-EngineDemos\03 Color cube demo\03 Color cube demo\Debug\link.3892-cvtres.read.1.tlog
C:\Users\Yosbi Alves\Desktop\DirectX Experiments\Y-EngineDemos\03 Color cube demo\03 Color cube demo\Debug\link.3892-cvtres.write.1.tlog
C:\Users\Yosbi Alves\Desktop\DirectX Experiments\Y-EngineDemos\03 Color cube demo\03 Color cube demo\Debug\link.command.1.tlog
C:\Users\Yosbi Alves\Desktop\DirectX Experiments\Y-EngineDemos\03 Color cube demo\03 Color cube demo\Debug\link.read.1.tlog
C:\Users\Yosbi Alves\Desktop\DirectX Experiments\Y-EngineDemos\03 Color cube demo\03 Color cube demo\Debug\link.write.1.tlog
C:\Users\Yosbi Alves\Desktop\DirectX Experiments\Y-EngineDemos\03 Color cube demo\03 Color cube demo\Debug\link-cvtres.read.1.tlog
C:\Users\Yosbi Alves\Desktop\DirectX Experiments\Y-EngineDemos\03 Color cube demo\03 Color cube demo\Debug\link-cvtres.write.1.tlog
C:\USERS\YOSBI ALVES\DESKTOP\DIRECTX EXPERIMENTS\Y-ENGINEDEMOS\03 COLOR CUBE DEMO\03 COLOR CUBE DEMO\DEBUG\MAIN.OBJ
C:\Users\Yosbi Alves\Desktop\DirectX Experiments\Y-EngineDemos\03 Color cube demo\03 Color cube demo\Debug\mt.command.1.tlog
C:\Users\Yosbi Alves\Desktop\DirectX Experiments\Y-EngineDemos\03 Color cube demo\03 Color cube demo\Debug\mt.read.1.tlog
C:\Users\Yosbi Alves\Desktop\DirectX Experiments\Y-EngineDemos\03 Color cube demo\03 Color cube demo\Debug\mt.write.1.tlog
C:\Users\Yosbi Alves\Desktop\DirectX Experiments\Y-EngineDemos\03 Color cube demo\03 Color cube demo\Debug\rc.command.1.tlog
C:\Users\Yosbi Alves\Desktop\DirectX Experiments\Y-EngineDemos\03 Color cube demo\03 Color cube demo\Debug\rc.read.1.tlog
C:\Users\Yosbi Alves\Desktop\DirectX Experiments\Y-EngineDemos\03 Color cube demo\03 Color cube demo\Debug\rc.write.1.tlog
C:\Users\Yosbi Alves\Desktop\DirectX Experiments\Y-EngineDemos\03 Color cube demo\03 Color cube demo\Debug\vc100.idb
C:\USERS\YOSBI ALVES\DESKTOP\DIRECTX EXPERIMENTS\Y-ENGINEDEMOS\03 COLOR CUBE DEMO\03 COLOR CUBE DEMO\DEBUG\VC100.PDB
C:\USERS\YOSBI ALVES\DESKTOP\DIRECTX EXPERIMENTS\Y-ENGINEDEMOS\03 COLOR CUBE DEMO\DEBUG\03 COLOR CUBE DEMO.EXE
C:\Users\Yosbi Alves\Desktop\DirectX Experiments\Y-EngineDemos\03 Color cube demo\Debug\03 Color cube demo.exp
C:\USERS\YOSBI ALVES\DESKTOP\DIRECTX EXPERIMENTS\Y-ENGINEDEMOS\03 COLOR CUBE DEMO\DEBUG\03 COLOR CUBE DEMO.ILK
C:\Users\Yosbi Alves\Desktop\DirectX Experiments\Y-EngineDemos\03 Color cube demo\Debug\03 Color cube demo.lib
C:\USERS\YOSBI ALVES\DESKTOP\DIRECTX EXPERIMENTS\Y-ENGINEDEMOS\03 COLOR CUBE DEMO\DEBUG\03 COLOR CUBE DEMO.PDB
