Build started 01/12/2011 13:06:59.
     1>Project "C:\Users\Yosbi Alves\Desktop\DirectX Experiments\Y-EngineDemos\16 Multi Texturing\16 Multi Texturing\16 Multi Texturing.vcxproj" on node 2 (build target(s)).
     1>InitializeBuildStatus:
         Creating "Debug\16 Multi Texturing.unsuccessfulbuild" because "AlwaysCreate" was specified.
       ClCompile:
         C:\Program Files (x86)\Microsoft Visual Studio 10.0\VC\bin\CL.exe /c /ZI /nologo /W3 /WX- /Od /Oy- /D WIN32 /D _DEBUG /D _WINDOWS /D _MBCS /Gm /EHsc /RTC1 /MDd /GS /fp:precise /Zc:wchar_t /Zc:forScope /Fo"Debug\\" /Fd"Debug\vc100.pdb" /Gd /TP /analyze- /errorReport:prompt main.cpp
         main.cpp
     1>c:\users\yosbi alves\desktop\directx experiments\y-enginedemos\16 multi texturing\16 multi texturing\main.cpp(84): warning C4996: 'fopen': This function or variable may be unsafe. Consider using fopen_s instead. To disable deprecation, use _CRT_SECURE_NO_WARNINGS. See online help for details.
                 c:\program files (x86)\microsoft visual studio 10.0\vc\include\stdio.h(234) : see declaration of 'fopen'
     1>c:\users\yosbi alves\desktop\directx experiments\y-enginedemos\16 multi texturing\16 multi texturing\main.cpp(356): warning C4244: 'argument' : conversion from 'double' to 'float', possible loss of data
     1>c:\users\yosbi alves\desktop\directx experiments\y-enginedemos\16 multi texturing\16 multi texturing\main.cpp(724): warning C4996: 'vsprintf': This function or variable may be unsafe. Consider using vsprintf_s instead. To disable deprecation, use _CRT_SECURE_NO_WARNINGS. See online help for details.
                 c:\program files (x86)\microsoft visual studio 10.0\vc\include\stdio.h(371) : see declaration of 'vsprintf'
       ManifestResourceCompile:
         All outputs are up-to-date.
       Link:
         C:\Program Files (x86)\Microsoft Visual Studio 10.0\VC\bin\link.exe /ERRORREPORT:PROMPT /OUT:"C:\Users\Yosbi Alves\Desktop\DirectX Experiments\Y-EngineDemos\16 Multi Texturing\Debug\16 Multi Texturing.exe" /INCREMENTAL /NOLOGO kernel32.lib user32.lib gdi32.lib winspool.lib comdlg32.lib advapi32.lib shell32.lib ole32.lib oleaut32.lib uuid.lib odbc32.lib odbccp32.lib /MANIFEST /ManifestFile:"Debug\16 Multi Texturing.exe.intermediate.manifest" /MANIFESTUAC:"level='asInvoker' uiAccess='false'" /DEBUG /PDB:"C:\Users\Yosbi Alves\Desktop\DirectX Experiments\Y-EngineDemos\16 Multi Texturing\Debug\16 Multi Texturing.pdb" /SUBSYSTEM:WINDOWS /TLBID:1 /DYNAMICBASE /NXCOMPAT /IMPLIB:"C:\Users\Yosbi Alves\Desktop\DirectX Experiments\Y-EngineDemos\16 Multi Texturing\Debug\16 Multi Texturing.lib" /MACHINE:X86 "Debug\16 Multi Texturing.exe.embed.manifest.res"
         Debug\main.obj
            Creating library C:\Users\Yosbi Alves\Desktop\DirectX Experiments\Y-EngineDemos\16 Multi Texturing\Debug\16 Multi Texturing.lib and object C:\Users\Yosbi Alves\Desktop\DirectX Experiments\Y-EngineDemos\16 Multi Texturing\Debug\16 Multi Texturing.exp
       Manifest:
         C:\Program Files (x86)\Microsoft SDKs\Windows\v7.0A\bin\mt.exe /nologo /verbose /out:"Debug\16 Multi Texturing.exe.embed.manifest" /manifest "Debug\16 Multi Texturing.exe.intermediate.manifest"
         All outputs are up-to-date.
       LinkEmbedManifest:
         All outputs are up-to-date.
         16 Multi Texturing.vcxproj -> C:\Users\Yosbi Alves\Desktop\DirectX Experiments\Y-EngineDemos\16 Multi Texturing\Debug\16 Multi Texturing.exe
       FinalizeBuildStatus:
         Deleting file "Debug\16 Multi Texturing.unsuccessfulbuild".
         Touching "Debug\16 Multi Texturing.lastbuildstate".
     1>Done Building Project "C:\Users\Yosbi Alves\Desktop\DirectX Experiments\Y-EngineDemos\16 Multi Texturing\16 Multi Texturing\16 Multi Texturing.vcxproj" (build target(s)).

Build succeeded.

Time Elapsed 00:00:04
