C:\USERS\YOSBI ALVES\DESKTOP\DIRECTX EXPERIMENTS\Y-ENGINE\RENDERER & MATH\DEBUG\YD3D.DLL
C:\USERS\YOSBI ALVES\DESKTOP\DIRECTX EXPERIMENTS\Y-ENGINE\RENDERER & MATH\DEBUG\YD3D.ILK
C:\USERS\YOSBI ALVES\DESKTOP\DIRECTX EXPERIMENTS\Y-ENGINE\RENDERER & MATH\DEBUG\YD3D.PDB
C:\Users\Yosbi Alves\Desktop\DirectX Experiments\Y-Engine\Renderer & Math\YD3D\Debug\cl.command.1.tlog
C:\Users\Yosbi Alves\Desktop\DirectX Experiments\Y-Engine\Renderer & Math\YD3D\Debug\CL.read.1.tlog
C:\Users\Yosbi Alves\Desktop\DirectX Experiments\Y-Engine\Renderer & Math\YD3D\Debug\CL.write.1.tlog
C:\USERS\YOSBI ALVES\DESKTOP\DIRECTX EXPERIMENTS\Y-ENGINE\RENDERER & MATH\YD3D\DEBUG\DLGCHANGEDEVICE.RES
C:\Users\Yosbi Alves\Desktop\DirectX Experiments\Y-Engine\Renderer & Math\YD3D\Debug\link.command.1.tlog
C:\Users\Yosbi Alves\Desktop\DirectX Experiments\Y-Engine\Renderer & Math\YD3D\Debug\link.read.1.tlog
C:\Users\Yosbi Alves\Desktop\DirectX Experiments\Y-Engine\Renderer & Math\YD3D\Debug\link.write.1.tlog
C:\Users\Yosbi Alves\Desktop\DirectX Experiments\Y-Engine\Renderer & Math\YD3D\Debug\link-cvtres.read.1.tlog
C:\Users\Yosbi Alves\Desktop\DirectX Experiments\Y-Engine\Renderer & Math\YD3D\Debug\link-cvtres.write.1.tlog
C:\Users\Yosbi Alves\Desktop\DirectX Experiments\Y-Engine\Renderer & Math\YD3D\Debug\mt.command.1.tlog
C:\Users\Yosbi Alves\Desktop\DirectX Experiments\Y-Engine\Renderer & Math\YD3D\Debug\mt.read.1.tlog
C:\Users\Yosbi Alves\Desktop\DirectX Experiments\Y-Engine\Renderer & Math\YD3D\Debug\mt.write.1.tlog
C:\Users\Yosbi Alves\Desktop\DirectX Experiments\Y-Engine\Renderer & Math\YD3D\Debug\rc.command.1.tlog
C:\Users\Yosbi Alves\Desktop\DirectX Experiments\Y-Engine\Renderer & Math\YD3D\Debug\rc.read.1.tlog
C:\Users\Yosbi Alves\Desktop\DirectX Experiments\Y-Engine\Renderer & Math\YD3D\Debug\rc.write.1.tlog
C:\Users\Yosbi Alves\Desktop\DirectX Experiments\Y-Engine\Renderer & Math\YD3D\Debug\vc100.idb
C:\USERS\YOSBI ALVES\DESKTOP\DIRECTX EXPERIMENTS\Y-ENGINE\RENDERER & MATH\YD3D\DEBUG\VC100.PDB
C:\USERS\YOSBI ALVES\DESKTOP\DIRECTX EXPERIMENTS\Y-ENGINE\RENDERER & MATH\YD3D\DEBUG\YD3D.DLL.EMBED.MANIFEST
C:\USERS\YOSBI ALVES\DESKTOP\DIRECTX EXPERIMENTS\Y-ENGINE\RENDERER & MATH\YD3D\DEBUG\YD3D.DLL.EMBED.MANIFEST.RES
C:\USERS\YOSBI ALVES\DESKTOP\DIRECTX EXPERIMENTS\Y-ENGINE\RENDERER & MATH\YD3D\DEBUG\YD3D.DLL.INTERMEDIATE.MANIFEST
C:\Users\Yosbi Alves\Desktop\DirectX Experiments\Y-Engine\Renderer & Math\YD3D\Debug\YD3D.exp
C:\Users\Yosbi Alves\Desktop\DirectX Experiments\Y-Engine\Renderer & Math\YD3D\Debug\YD3D.lib
C:\Users\Yosbi Alves\Desktop\DirectX Experiments\Y-Engine\Renderer & Math\YD3D\Debug\YD3D.write.1.tlog
C:\Users\Yosbi Alves\Desktop\DirectX Experiments\Y-Engine\Renderer & Math\YD3D\Debug\YD3D_manifest.rc
C:\USERS\YOSBI ALVES\DESKTOP\DIRECTX EXPERIMENTS\Y-ENGINE\RENDERER & MATH\YD3D\DEBUG\YD3DEFFECTSSTUFF.OBJ
C:\USERS\YOSBI ALVES\DESKTOP\DIRECTX EXPERIMENTS\Y-ENGINE\RENDERER & MATH\YD3D\DEBUG\YD3DENUM.OBJ
C:\USERS\YOSBI ALVES\DESKTOP\DIRECTX EXPERIMENTS\Y-ENGINE\RENDERER & MATH\YD3D\DEBUG\YD3DINIT.OBJ
C:\USERS\YOSBI ALVES\DESKTOP\DIRECTX EXPERIMENTS\Y-ENGINE\RENDERER & MATH\YD3D\DEBUG\YD3DMAIN.OBJ
C:\USERS\YOSBI ALVES\DESKTOP\DIRECTX EXPERIMENTS\Y-ENGINE\RENDERER & MATH\YD3D\DEBUG\YD3DMESH.OBJ
C:\USERS\YOSBI ALVES\DESKTOP\DIRECTX EXPERIMENTS\Y-ENGINE\RENDERER & MATH\YD3D\DEBUG\YD3DMISC.OBJ
C:\USERS\YOSBI ALVES\DESKTOP\DIRECTX EXPERIMENTS\Y-ENGINE\RENDERER & MATH\YD3D\DEBUG\YD3DSETTINGSDLG.OBJ
C:\USERS\YOSBI ALVES\DESKTOP\DIRECTX EXPERIMENTS\Y-ENGINE\RENDERER & MATH\YD3D\DEBUG\YD3DSHADERSTUFF.OBJ
C:\USERS\YOSBI ALVES\DESKTOP\DIRECTX EXPERIMENTS\Y-ENGINE\RENDERER & MATH\YD3D\DEBUG\YD3DSKINMANAGER.OBJ
C:\USERS\YOSBI ALVES\DESKTOP\DIRECTX EXPERIMENTS\Y-ENGINE\RENDERER & MATH\YD3D\DEBUG\YD3DVERTEXCACHE.OBJ
C:\USERS\YOSBI ALVES\DESKTOP\DIRECTX EXPERIMENTS\Y-ENGINE\RENDERER & MATH\YD3D\DEBUG\YD3DWORLDVIEWPROJ.OBJ
