Build started 23/12/2011 12:09:24.
     1>Project "C:\Users\Yosbi Alves\Desktop\DirectX Experiments\Y-Engine\Renderer & Math\YD3D\YD3D.vcxproj" on node 2 (build target(s)).
     1>InitializeBuildStatus:
         Touching "Debug\YD3D.unsuccessfulbuild".
       ClCompile:
         C:\Program Files (x86)\Microsoft Visual Studio 10.0\VC\bin\CL.exe /c /ZI /nologo /W3 /WX- /Od /Oy- /D WIN32 /D _DEBUG /D _WINDOWS /D _USRDLL /D YD3D_EXPORTS /D _VC80_UPGRADE=0x0600 /D _WINDLL /D _MBCS /Gm /EHsc /RTC1 /MTd /GS /Gy- /fp:precise /Zc:wchar_t /Zc:forScope /Fo"Debug\\" /Fd"Debug\vc100.pdb" /Gd /TP /analyze- /errorReport:prompt YD3DInit.cpp
         YD3DInit.cpp
     1>c:\users\yosbi alves\desktop\directx experiments\y-engine\renderer & math\yd3d\yd3dinit.cpp(220): warning C4018: '<' : signed/unsigned mismatch
     1>c:\users\yosbi alves\desktop\directx experiments\y-engine\renderer & math\yd3d\yd3dinit.cpp(603): warning C4996: 'vsprintf': This function or variable may be unsafe. Consider using vsprintf_s instead. To disable deprecation, use _CRT_SECURE_NO_WARNINGS. See online help for details.
                 c:\program files (x86)\microsoft visual studio 10.0\vc\include\stdio.h(371) : see declaration of 'vsprintf'
       ResourceCompile:
         All outputs are up-to-date.
       ManifestResourceCompile:
         All outputs are up-to-date.
       Link:
         C:\Program Files (x86)\Microsoft Visual Studio 10.0\VC\bin\link.exe /ERRORREPORT:PROMPT /OUT:"C:\Users\Yosbi Alves\Desktop\DirectX Experiments\Y-Engine\Renderer & Math\Debug\YD3D.dll" /INCREMENTAL /NOLOGO odbc32.lib odbccp32.lib kernel32.lib user32.lib gdi32.lib winspool.lib comdlg32.lib advapi32.lib shell32.lib ole32.lib oleaut32.lib uuid.lib odbc32.lib odbccp32.lib /DEF:"YD3D.def" /MANIFEST /ManifestFile:"Debug\YD3D.dll.intermediate.manifest" /MANIFESTUAC:"level='asInvoker' uiAccess='false'" /DEBUG /PDB:"C:\Users\Yosbi Alves\Desktop\DirectX Experiments\Y-Engine\Renderer & Math\Debug\YD3D.pdb" /SUBSYSTEM:CONSOLE /TLBID:1 /DYNAMICBASE /NXCOMPAT /IMPLIB:".\Debug\YD3D.lib" /MACHINE:X86 /DLL Debug\dlgChangeDevice.res
         Debug\YD3D.dll.embed.manifest.res
         Debug\YD3DEffectsStuff.obj
         Debug\YD3DEnum.obj
         Debug\YD3DInit.obj
         Debug\YD3DMain.obj
         Debug\YD3DMesh.obj
         Debug\YD3DMisc.obj
         Debug\YD3DShaderStuff.obj
         Debug\YD3DVertexCache.obj
         Debug\YD3DSettingsDlg.obj
         Debug\YD3DSkinManager.obj
         Debug\YD3DWorldViewProj.obj /NODEFAULTLIB:MSVCRTD 
       Manifest:
         C:\Program Files (x86)\Microsoft SDKs\Windows\v7.0A\bin\mt.exe /nologo /verbose /out:"Debug\YD3D.dll.embed.manifest" /manifest Debug\YD3D.dll.intermediate.manifest
         All outputs are up-to-date.
       LinkEmbedManifest:
         All outputs are up-to-date.
         YD3D.vcxproj -> C:\Users\Yosbi Alves\Desktop\DirectX Experiments\Y-Engine\Renderer & Math\Debug\YD3D.dll
       FinalizeBuildStatus:
         Deleting file "Debug\YD3D.unsuccessfulbuild".
         Touching "Debug\YD3D.lastbuildstate".
     1>Done Building Project "C:\Users\Yosbi Alves\Desktop\DirectX Experiments\Y-Engine\Renderer & Math\YD3D\YD3D.vcxproj" (build target(s)).

Build succeeded.

Time Elapsed 00:00:03.62
