Build started 14/11/2011 10:20:23.
     1>Project "C:\Users\Yosbi Alves\Desktop\DirectX Experiments\Y-EngineDemos\06 Diffuse-Ambient directional light\06 Diffuse-Ambient directional light\06 Diffuse-Ambient directional light.vcxproj" on node 2 (build target(s)).
     1>InitializeBuildStatus:
         Creating "Debug\06 Diffuse-Ambient directional light.unsuccessfulbuild" because "AlwaysCreate" was specified.
       ClCompile:
         C:\Program Files (x86)\Microsoft Visual Studio 10.0\VC\bin\CL.exe /c /ZI /nologo /W3 /WX- /Od /Oy- /D WIN32 /D _DEBUG /D _WINDOWS /D _MBCS /Gm /EHsc /RTC1 /MDd /GS /fp:precise /Zc:wchar_t /Zc:forScope /Fo"Debug\\" /Fd"Debug\vc100.pdb" /Gd /TP /analyze- /errorReport:prompt main.cpp
         main.cpp
     1>c:\users\yosbi alves\desktop\directx experiments\y-enginedemos\06 diffuse-ambient directional light\06 diffuse-ambient directional light\main.cpp(77): warning C4996: 'fopen': This function or variable may be unsafe. Consider using fopen_s instead. To disable deprecation, use _CRT_SECURE_NO_WARNINGS. See online help for details.
                 c:\program files (x86)\microsoft visual studio 10.0\vc\include\stdio.h(234) : see declaration of 'fopen'
     1>c:\users\yosbi alves\desktop\directx experiments\y-enginedemos\06 diffuse-ambient directional light\06 diffuse-ambient directional light\main.cpp(294): warning C4244: 'argument' : conversion from 'double' to 'float', possible loss of data
     1>c:\users\yosbi alves\desktop\directx experiments\y-enginedemos\06 diffuse-ambient directional light\06 diffuse-ambient directional light\main.cpp(376): warning C4996: 'vsprintf': This function or variable may be unsafe. Consider using vsprintf_s instead. To disable deprecation, use _CRT_SECURE_NO_WARNINGS. See online help for details.
                 c:\program files (x86)\microsoft visual studio 10.0\vc\include\stdio.h(371) : see declaration of 'vsprintf'
       ManifestResourceCompile:
         All outputs are up-to-date.
       Link:
         C:\Program Files (x86)\Microsoft Visual Studio 10.0\VC\bin\link.exe /ERRORREPORT:PROMPT /OUT:"C:\Users\Yosbi Alves\Desktop\DirectX Experiments\Y-EngineDemos\06 Diffuse-Ambient directional light\Debug\06 Diffuse-Ambient directional light.exe" /INCREMENTAL /NOLOGO kernel32.lib user32.lib gdi32.lib winspool.lib comdlg32.lib advapi32.lib shell32.lib ole32.lib oleaut32.lib uuid.lib odbc32.lib odbccp32.lib /MANIFEST /ManifestFile:"Debug\06 Diffuse-Ambient directional light.exe.intermediate.manifest" /MANIFESTUAC:"level='asInvoker' uiAccess='false'" /DEBUG /PDB:"C:\Users\Yosbi Alves\Desktop\DirectX Experiments\Y-EngineDemos\06 Diffuse-Ambient directional light\Debug\06 Diffuse-Ambient directional light.pdb" /SUBSYSTEM:WINDOWS /TLBID:1 /DYNAMICBASE /NXCOMPAT /IMPLIB:"C:\Users\Yosbi Alves\Desktop\DirectX Experiments\Y-EngineDemos\06 Diffuse-Ambient directional light\Debug\06 Diffuse-Ambient directional light.lib" /MACHINE:X86 "Debug\06 Diffuse-Ambient directional light.exe.embed.manifest.res"
         Debug\main.obj
            Creating library C:\Users\Yosbi Alves\Desktop\DirectX Experiments\Y-EngineDemos\06 Diffuse-Ambient directional light\Debug\06 Diffuse-Ambient directional light.lib and object C:\Users\Yosbi Alves\Desktop\DirectX Experiments\Y-EngineDemos\06 Diffuse-Ambient directional light\Debug\06 Diffuse-Ambient directional light.exp
     1>YEMath.lib(YMatrix.obj) : warning LNK4099: PDB 'vc100.pdb' was not found with 'YEMath.lib(YMatrix.obj)' or at 'C:\Users\Yosbi Alves\Desktop\DirectX Experiments\Y-EngineDemos\06 Diffuse-Ambient directional light\Debug\vc100.pdb'; linking object as if no debug info
     1>YEMath.lib(YVector.obj) : warning LNK4099: PDB 'vc100.pdb' was not found with 'YEMath.lib(YVector.obj)' or at 'C:\Users\Yosbi Alves\Desktop\DirectX Experiments\Y-EngineDemos\06 Diffuse-Ambient directional light\Debug\vc100.pdb'; linking object as if no debug info
       Manifest:
         C:\Program Files (x86)\Microsoft SDKs\Windows\v7.0A\bin\mt.exe /nologo /verbose /out:"Debug\06 Diffuse-Ambient directional light.exe.embed.manifest" /manifest "Debug\06 Diffuse-Ambient directional light.exe.intermediate.manifest"
         All outputs are up-to-date.
       LinkEmbedManifest:
         All outputs are up-to-date.
         06 Diffuse-Ambient directional light.vcxproj -> C:\Users\Yosbi Alves\Desktop\DirectX Experiments\Y-EngineDemos\06 Diffuse-Ambient directional light\Debug\06 Diffuse-Ambient directional light.exe
       FinalizeBuildStatus:
         Deleting file "Debug\06 Diffuse-Ambient directional light.unsuccessfulbuild".
         Touching "Debug\06 Diffuse-Ambient directional light.lastbuildstate".
     1>Done Building Project "C:\Users\Yosbi Alves\Desktop\DirectX Experiments\Y-EngineDemos\06 Diffuse-Ambient directional light\06 Diffuse-Ambient directional light\06 Diffuse-Ambient directional light.vcxproj" (build target(s)).

Build succeeded.

Time Elapsed 00:00:03.51
