C:\USERS\YOSBI ALVES\DESKTOP\DIRECTX EXPERIMENTS\Y-ENGINE\YINPUT\DEBUG\YDXINPUT.DLL
C:\Users\Yosbi Alves\Desktop\DirectX Experiments\Y-Engine\YInput\Debug\YDXInput.exp
C:\USERS\YOSBI ALVES\DESKTOP\DIRECTX EXPERIMENTS\Y-ENGINE\YINPUT\DEBUG\YDXINPUT.ILK
C:\Users\Yosbi Alves\Desktop\DirectX Experiments\Y-Engine\YInput\Debug\YDXInput.lib
C:\USERS\YOSBI ALVES\DESKTOP\DIRECTX EXPERIMENTS\Y-ENGINE\YINPUT\DEBUG\YDXINPUT.PDB
C:\Users\Yosbi Alves\Desktop\DirectX Experiments\Y-Engine\YInput\YDXInput\Debug\cl.command.1.tlog
C:\Users\Yosbi Alves\Desktop\DirectX Experiments\Y-Engine\YInput\YDXInput\Debug\CL.read.1.tlog
C:\Users\Yosbi Alves\Desktop\DirectX Experiments\Y-Engine\YInput\YDXInput\Debug\CL.write.1.tlog
C:\Users\Yosbi Alves\Desktop\DirectX Experiments\Y-Engine\YInput\YDXInput\Debug\link.1036.read.1.tlog
C:\Users\Yosbi Alves\Desktop\DirectX Experiments\Y-Engine\YInput\YDXInput\Debug\link.1036.write.1.tlog
C:\Users\Yosbi Alves\Desktop\DirectX Experiments\Y-Engine\YInput\YDXInput\Debug\link.1036-cvtres.read.1.tlog
C:\Users\Yosbi Alves\Desktop\DirectX Experiments\Y-Engine\YInput\YDXInput\Debug\link.1036-cvtres.write.1.tlog
C:\Users\Yosbi Alves\Desktop\DirectX Experiments\Y-Engine\YInput\YDXInput\Debug\link.4152.read.1.tlog
C:\Users\Yosbi Alves\Desktop\DirectX Experiments\Y-Engine\YInput\YDXInput\Debug\link.4152.write.1.tlog
C:\Users\Yosbi Alves\Desktop\DirectX Experiments\Y-Engine\YInput\YDXInput\Debug\link.4152-cvtres.read.1.tlog
C:\Users\Yosbi Alves\Desktop\DirectX Experiments\Y-Engine\YInput\YDXInput\Debug\link.4152-cvtres.write.1.tlog
C:\Users\Yosbi Alves\Desktop\DirectX Experiments\Y-Engine\YInput\YDXInput\Debug\link.command.1.tlog
C:\Users\Yosbi Alves\Desktop\DirectX Experiments\Y-Engine\YInput\YDXInput\Debug\link.read.1.tlog
C:\Users\Yosbi Alves\Desktop\DirectX Experiments\Y-Engine\YInput\YDXInput\Debug\link.write.1.tlog
C:\Users\Yosbi Alves\Desktop\DirectX Experiments\Y-Engine\YInput\YDXInput\Debug\link-cvtres.read.1.tlog
C:\Users\Yosbi Alves\Desktop\DirectX Experiments\Y-Engine\YInput\YDXInput\Debug\link-cvtres.write.1.tlog
C:\Users\Yosbi Alves\Desktop\DirectX Experiments\Y-Engine\YInput\YDXInput\Debug\mt.command.1.tlog
C:\Users\Yosbi Alves\Desktop\DirectX Experiments\Y-Engine\YInput\YDXInput\Debug\mt.read.1.tlog
C:\Users\Yosbi Alves\Desktop\DirectX Experiments\Y-Engine\YInput\YDXInput\Debug\mt.write.1.tlog
C:\Users\Yosbi Alves\Desktop\DirectX Experiments\Y-Engine\YInput\YDXInput\Debug\rc.command.1.tlog
C:\Users\Yosbi Alves\Desktop\DirectX Experiments\Y-Engine\YInput\YDXInput\Debug\rc.read.1.tlog
C:\Users\Yosbi Alves\Desktop\DirectX Experiments\Y-Engine\YInput\YDXInput\Debug\rc.write.1.tlog
C:\Users\Yosbi Alves\Desktop\DirectX Experiments\Y-Engine\YInput\YDXInput\Debug\vc100.idb
C:\USERS\YOSBI ALVES\DESKTOP\DIRECTX EXPERIMENTS\Y-ENGINE\YINPUT\YDXINPUT\DEBUG\VC100.PDB
C:\USERS\YOSBI ALVES\DESKTOP\DIRECTX EXPERIMENTS\Y-ENGINE\YINPUT\YDXINPUT\DEBUG\YDXINPUT.DLL.EMBED.MANIFEST
C:\USERS\YOSBI ALVES\DESKTOP\DIRECTX EXPERIMENTS\Y-ENGINE\YINPUT\YDXINPUT\DEBUG\YDXINPUT.DLL.EMBED.MANIFEST.RES
C:\USERS\YOSBI ALVES\DESKTOP\DIRECTX EXPERIMENTS\Y-ENGINE\YINPUT\YDXINPUT\DEBUG\YDXINPUT.DLL.INTERMEDIATE.MANIFEST
C:\USERS\YOSBI ALVES\DESKTOP\DIRECTX EXPERIMENTS\Y-ENGINE\YINPUT\YDXINPUT\DEBUG\YDXINPUT.OBJ
C:\Users\Yosbi Alves\Desktop\DirectX Experiments\Y-Engine\YInput\YDXInput\Debug\YDXInput.write.1.tlog
C:\Users\Yosbi Alves\Desktop\DirectX Experiments\Y-Engine\YInput\YDXInput\Debug\YDXInput_manifest.rc
C:\USERS\YOSBI ALVES\DESKTOP\DIRECTX EXPERIMENTS\Y-ENGINE\YINPUT\YDXINPUT\DEBUG\YJOYSTICK.OBJ
C:\USERS\YOSBI ALVES\DESKTOP\DIRECTX EXPERIMENTS\Y-ENGINE\YINPUT\YDXINPUT\DEBUG\YKEYBOARD.OBJ
C:\USERS\YOSBI ALVES\DESKTOP\DIRECTX EXPERIMENTS\Y-ENGINE\YINPUT\YDXINPUT\DEBUG\YMOUSE.OBJ
